[debug] [2024-04-21T15:28:26.337Z] ----------------------------------------------------------------------
[debug] [2024-04-21T15:28:26.338Z] Command:       /Users/mariacamilasandovalsantana/.nvm/versions/node/v16.20.0/bin/node /Users/mariacamilasandovalsantana/.nvm/versions/node/v16.20.0/bin/firebase deploy
[debug] [2024-04-21T15:28:26.338Z] CLI Version:   12.4.4
[debug] [2024-04-21T15:28:26.339Z] Platform:      darwin
[debug] [2024-04-21T15:28:26.339Z] Node Version:  v16.20.0
[debug] [2024-04-21T15:28:26.343Z] Time:          Sun Apr 21 2024 11:28:26 GMT-0400 (Eastern Daylight Time)
[debug] [2024-04-21T15:28:26.343Z] ----------------------------------------------------------------------
[debug] 
[debug] [2024-04-21T15:28:26.389Z] > command requires scopes: ["email","openid","https://www.googleapis.com/auth/cloudplatformprojects.readonly","https://www.googleapis.com/auth/firebase","https://www.googleapis.com/auth/cloud-platform"]
[debug] [2024-04-21T15:28:26.389Z] > authorizing via signed-in user (henry@boepartners.com)
[debug] [2024-04-21T15:28:26.389Z] [iam] checking project boepartners-141c8 for permissions ["firebase.projects.get","firebasehosting.sites.update"]
[debug] [2024-04-21T15:28:26.390Z] > refreshing access token with scopes: []
[debug] [2024-04-21T15:28:26.390Z] >>> [apiv2][query] POST https://www.googleapis.com/oauth2/v3/token [none]
[debug] [2024-04-21T15:28:26.390Z] >>> [apiv2][body] POST https://www.googleapis.com/oauth2/v3/token [omitted]
[debug] [2024-04-21T15:28:26.543Z] <<< [apiv2][status] POST https://www.googleapis.com/oauth2/v3/token 400
[debug] [2024-04-21T15:28:26.543Z] <<< [apiv2][body] POST https://www.googleapis.com/oauth2/v3/token [omitted]
[debug] [2024-04-21T15:28:26.543Z] >>> [apiv2][query] POST https://cloudresourcemanager.googleapis.com/v1/projects/boepartners-141c8:testIamPermissions [none]
[debug] [2024-04-21T15:28:26.543Z] >>> [apiv2][(partial)header] POST https://cloudresourcemanager.googleapis.com/v1/projects/boepartners-141c8:testIamPermissions x-goog-quota-user=projects/boepartners-141c8
[debug] [2024-04-21T15:28:26.543Z] >>> [apiv2][body] POST https://cloudresourcemanager.googleapis.com/v1/projects/boepartners-141c8:testIamPermissions {"permissions":["firebase.projects.get","firebasehosting.sites.update"]}
[debug] [2024-04-21T15:28:26.733Z] <<< [apiv2][status] POST https://cloudresourcemanager.googleapis.com/v1/projects/boepartners-141c8:testIamPermissions 401
[debug] [2024-04-21T15:28:26.733Z] <<< [apiv2][body] POST https://cloudresourcemanager.googleapis.com/v1/projects/boepartners-141c8:testIamPermissions {"error":{"code":401,"message":"Request had invalid authentication credentials. Expected OAuth 2 access token, login cookie or other valid authentication credential. See https://developers.google.com/identity/sign-in/web/devconsole-project.","status":"UNAUTHENTICATED","details":[{"@type":"type.googleapis.com/google.rpc.ErrorInfo","reason":"ACCESS_TOKEN_TYPE_UNSUPPORTED","metadata":{"method":"google.cloudresourcemanager.v1.Projects.TestIamPermissions","service":"cloudresourcemanager.googleapis.com"}}]}}
[debug] [2024-04-21T15:28:26.734Z] [iam] error while checking permissions, command may fail: FirebaseError: HTTP Error: 401, Request had invalid authentication credentials. Expected OAuth 2 access token, login cookie or other valid authentication credential. See https://developers.google.com/identity/sign-in/web/devconsole-project.
[debug] [2024-04-21T15:28:26.734Z] > refreshing access token with scopes: []
[debug] [2024-04-21T15:28:26.734Z] >>> [apiv2][query] POST https://www.googleapis.com/oauth2/v3/token [none]
[debug] [2024-04-21T15:28:26.734Z] >>> [apiv2][body] POST https://www.googleapis.com/oauth2/v3/token [omitted]
[debug] [2024-04-21T15:28:26.867Z] <<< [apiv2][status] POST https://www.googleapis.com/oauth2/v3/token 400
[debug] [2024-04-21T15:28:26.868Z] <<< [apiv2][body] POST https://www.googleapis.com/oauth2/v3/token [omitted]
[debug] [2024-04-21T15:28:26.868Z] >>> [apiv2][query] GET https://firebase.googleapis.com/v1beta1/projects/boepartners-141c8 [none]
[debug] [2024-04-21T15:28:27.063Z] <<< [apiv2][status] GET https://firebase.googleapis.com/v1beta1/projects/boepartners-141c8 401
[debug] [2024-04-21T15:28:27.063Z] <<< [apiv2][body] GET https://firebase.googleapis.com/v1beta1/projects/boepartners-141c8 {"error":{"code":401,"message":"Request had invalid authentication credentials. Expected OAuth 2 access token, login cookie or other valid authentication credential. See https://developers.google.com/identity/sign-in/web/devconsole-project.","status":"UNAUTHENTICATED"}}
[debug] [2024-04-21T15:28:27.063Z] HTTP Error: 401, Request had invalid authentication credentials. Expected OAuth 2 access token, login cookie or other valid authentication credential. See https://developers.google.com/identity/sign-in/web/devconsole-project.
[debug] [2024-04-21T15:28:27.180Z] FirebaseError: HTTP Error: 401, Request had invalid authentication credentials. Expected OAuth 2 access token, login cookie or other valid authentication credential. See https://developers.google.com/identity/sign-in/web/devconsole-project.
    at responseToError (/Users/mariacamilasandovalsantana/.nvm/versions/node/v16.20.0/lib/node_modules/firebase-tools/lib/responseToError.js:49:12)
    at RetryOperation._fn (/Users/mariacamilasandovalsantana/.nvm/versions/node/v16.20.0/lib/node_modules/firebase-tools/lib/apiv2.js:289:77)
    at processTicksAndRejections (node:internal/process/task_queues:96:5)
[error] 
[error] Error: Failed to get Firebase project boepartners-141c8. Please make sure the project exists and your account has permission to access it.
